<?xml version="1.0" encoding="UTF-8"?>
<testsuite xmlns:xsi="http://www.w3.org/2001/XMLSchema-instance" xsi:noNamespaceSchemaLocation="https://maven.apache.org/surefire/maven-surefire-plugin/xsd/surefire-test-report.xsd" version="3.0.2" name="com.cysecinnovation.gatewayxmobit.GatewayxmobitApplicationTests" time="12.127" tests="1" errors="0" skipped="0" failures="0">
  <properties>
[...]
</properties>
  <testcase name="contextLoads" classname="com.cysecinnovation.gatewayxmobit.GatewayxmobitApplicationTests" time="1.593">
    <system-out><![CDATA[Standard Commons Logging discovery in action with spring-jcl: please remove commons-logging.jar from classpath in order to avoid potential conflicts
23:08:18.842 [main] INFO org.springframework.test.context.support.AnnotationConfigContextLoaderUtils -- Could not detect default configuration classes for test class [com.cysecinnovation.gatewayxmobit.GatewayxmobitApplicationTests]: GatewayxmobitApplicationTests does not declare any static, non-private, non-final, nested classes annotated with @Configuration.
23:08:19.168 [main] INFO org.springframework.boot.test.context.SpringBootTestContextBootstrapper -- Found @SpringBootConfiguration com.cysecinnovation.gatewayxmobit.GatewayxmobitApplication for test class com.cysecinnovation.gatewayxmobit.GatewayxmobitApplicationTests
23:08:19.999 [main] INFO org.springframework.boot.devtools.restart.RestartApplicationListener -- Restart disabled due to context in which it is running

  .   ____          _            __ _ _
 /\\ / ___'_ __ _ _(_)_ __  __ _ \ \ \ \
( ( )\___ | '_ | '_| | '_ \/ _` | \ \ \ \
 \\/  ___)| |_)| | | | | || (_| |  ) ) ) )
  '  |____| .__|_| |_|_| |_\__, | / / / /
 =========|_|==============|___/=/_/_/_/

 :: Spring Boot ::                (v3.4.4)

2025-03-25 23:08:21 [main] INFO  c.c.g.GatewayxmobitApplicationTests - Starting GatewayxmobitApplicationTests using Java 21.0.6 with PID 73900 (started by cysecinnovation in /home/cysecinnovation/Documents/PROJECTS/XMOBIT/ConsulGateway)
2025-03-25 23:08:21 [main] INFO  c.c.g.GatewayxmobitApplicationTests - No active profile set, falling back to 1 default profile: "default"
2025-03-25 23:08:24 [main] INFO  o.s.cloud.context.scope.GenericScope - BeanFactory id=62ba8297-5565-31ab-ad7a-d7c1a87fc649
2025-03-25 23:08:25 [main] WARN  o.s.b.a.t.ThymeleafAutoConfiguration$DefaultTemplateResolverConfiguration - Cannot find template location: classpath:/templates/ (please add some templates, check your Thymeleaf configuration, or set spring.thymeleaf.check-template-location=false)
2025-03-25 23:08:26 [main] DEBUG o.s.c.g.config.GatewayProperties - Routes supplied from Gateway Properties: [RouteDefinition{id='node-api', predicates=[PredicateDefinition{name='Path', args={_genkey_0=/api/node/**}}], filters=[FilterDefinition{name='RewritePath', args={_genkey_0=/api/node/(?<remaining>.*), _genkey_1=/${remaining}}}], uri=lb://node-api, order=0, metadata={connect-timeout=1000, response-timeout=3000}, enabled=true}, RouteDefinition{id='file-service', predicates=[PredicateDefinition{name='Path', args={_genkey_0=/api/v1/file/**}}], filters=[FilterDefinition{name='RewritePath', args={_genkey_0=/api/file/(?<remaining>.*), _genkey_1=/${remaining}}}], uri=lb://file-service, order=0, metadata={response-timeout=5000}, enabled=true}, RouteDefinition{id='xmobit-main', predicates=[PredicateDefinition{name='Path', args={_genkey_0=/api/v1/**}}], filters=[FilterDefinition{name='RewritePath', args={_genkey_0=/api/main/(?<remaining>.*), _genkey_1=/${remaining}}}], uri=lb://xmobit-main, order=0, metadata={response-timeout=90000}, enabled=true}]
2025-03-25 23:08:27 [main] INFO  o.s.c.g.r.RouteDefinitionRouteLocator - Loaded RoutePredicateFactory [After]
2025-03-25 23:08:27 [main] INFO  o.s.c.g.r.RouteDefinitionRouteLocator - Loaded RoutePredicateFactory [Before]
2025-03-25 23:08:27 [main] INFO  o.s.c.g.r.RouteDefinitionRouteLocator - Loaded RoutePredicateFactory [Between]
2025-03-25 23:08:27 [main] INFO  o.s.c.g.r.RouteDefinitionRouteLocator - Loaded RoutePredicateFactory [Cookie]
2025-03-25 23:08:27 [main] INFO  o.s.c.g.r.RouteDefinitionRouteLocator - Loaded RoutePredicateFactory [Header]
2025-03-25 23:08:27 [main] INFO  o.s.c.g.r.RouteDefinitionRouteLocator - Loaded RoutePredicateFactory [Host]
2025-03-25 23:08:27 [main] INFO  o.s.c.g.r.RouteDefinitionRouteLocator - Loaded RoutePredicateFactory [Method]
2025-03-25 23:08:27 [main] INFO  o.s.c.g.r.RouteDefinitionRouteLocator - Loaded RoutePredicateFactory [Path]
2025-03-25 23:08:27 [main] INFO  o.s.c.g.r.RouteDefinitionRouteLocator - Loaded RoutePredicateFactory [Query]
2025-03-25 23:08:27 [main] INFO  o.s.c.g.r.RouteDefinitionRouteLocator - Loaded RoutePredicateFactory [ReadBody]
2025-03-25 23:08:27 [main] INFO  o.s.c.g.r.RouteDefinitionRouteLocator - Loaded RoutePredicateFactory [RemoteAddr]
2025-03-25 23:08:27 [main] INFO  o.s.c.g.r.RouteDefinitionRouteLocator - Loaded RoutePredicateFactory [XForwardedRemoteAddr]
2025-03-25 23:08:27 [main] INFO  o.s.c.g.r.RouteDefinitionRouteLocator - Loaded RoutePredicateFactory [Weight]
2025-03-25 23:08:27 [main] INFO  o.s.c.g.r.RouteDefinitionRouteLocator - Loaded RoutePredicateFactory [CloudFoundryRouteService]
2025-03-25 23:08:28 [main] INFO  o.s.b.a.e.web.EndpointLinksResolver - Exposing 3 endpoints beneath base path '/actuator'
2025-03-25 23:08:28 [main] WARN  o.s.c.l.c.LoadBalancerCacheAutoConfiguration$LoadBalancerCaffeineWarnLogger - Spring Cloud LoadBalancer is currently working with the default cache. While this cache implementation is useful for development and tests, it's recommended to use Caffeine cache in production.You can switch to using Caffeine cache, by adding it and org.springframework.cache.caffeine.CaffeineCacheManager to the classpath.
2025-03-25 23:08:28 [main] INFO  c.c.g.GatewayxmobitApplicationTests - Started GatewayxmobitApplicationTests in 8.937 seconds (process running for 11.796)
2025-03-25 23:08:29 [boundedElastic-14] DEBUG o.s.c.g.r.RouteDefinitionRouteLocator - RouteDefinition ReactiveCompositeDiscoveryClient_xmobit-main-app applying {pattern=/xmobit-main-app/**} to Path
2025-03-25 23:08:29 [boundedElastic-30] DEBUG o.s.c.g.r.RouteDefinitionRouteLocator - RouteDefinition ReactiveCompositeDiscoveryClient_xmobit-main-app applying {pattern=/xmobit-main-app/**} to Path
2025-03-25 23:08:29 [boundedElastic-13] DEBUG o.s.c.g.r.RouteDefinitionRouteLocator - RouteDefinition ReactiveCompositeDiscoveryClient_xmobit-main-app applying {pattern=/xmobit-main-app/**} to Path
2025-03-25 23:08:29 [boundedElastic-23] DEBUG o.s.c.g.r.RouteDefinitionRouteLocator - RouteDefinition ReactiveCompositeDiscoveryClient_xmobit-main-app applying {pattern=/xmobit-main-app/**} to Path
2025-03-25 23:08:29 [boundedElastic-8] DEBUG o.s.c.g.r.RouteDefinitionRouteLocator - RouteDefinition ReactiveCompositeDiscoveryClient_xmobit-main-app applying {pattern=/xmobit-main-app/**} to Path
2025-03-25 23:08:29 [boundedElastic-4] DEBUG o.s.c.g.filter.GatewayMetricsFilter - New routes count: 8
2025-03-25 23:08:29 [boundedElastic-13] DEBUG o.s.c.g.r.RouteDefinitionRouteLocator - RouteDefinition ReactiveCompositeDiscoveryClient_xmobit-main-app applying filter {regexp=/xmobit-main-app/?(?<remaining>.*), replacement=/${remaining}} to RewritePath
2025-03-25 23:08:29 [boundedElastic-23] DEBUG o.s.c.g.r.RouteDefinitionRouteLocator - RouteDefinition ReactiveCompositeDiscoveryClient_xmobit-main-app applying filter {regexp=/xmobit-main-app/?(?<remaining>.*), replacement=/${remaining}} to RewritePath
2025-03-25 23:08:29 [boundedElastic-14] DEBUG o.s.c.g.r.RouteDefinitionRouteLocator - RouteDefinition ReactiveCompositeDiscoveryClient_xmobit-main-app applying filter {regexp=/xmobit-main-app/?(?<remaining>.*), replacement=/${remaining}} to RewritePath
2025-03-25 23:08:29 [boundedElastic-8] DEBUG o.s.c.g.r.RouteDefinitionRouteLocator - RouteDefinition ReactiveCompositeDiscoveryClient_xmobit-main-app applying filter {regexp=/xmobit-main-app/?(?<remaining>.*), replacement=/${remaining}} to RewritePath
2025-03-25 23:08:29 [boundedElastic-30] DEBUG o.s.c.g.r.RouteDefinitionRouteLocator - RouteDefinition ReactiveCompositeDiscoveryClient_xmobit-main-app applying filter {regexp=/xmobit-main-app/?(?<remaining>.*), replacement=/${remaining}} to RewritePath
2025-03-25 23:08:29 [boundedElastic-13] DEBUG o.s.c.g.r.RouteDefinitionRouteLocator - RouteDefinition matched: ReactiveCompositeDiscoveryClient_xmobit-main-app
2025-03-25 23:08:29 [boundedElastic-23] DEBUG o.s.c.g.r.RouteDefinitionRouteLocator - RouteDefinition matched: ReactiveCompositeDiscoveryClient_xmobit-main-app
2025-03-25 23:08:29 [boundedElastic-14] DEBUG o.s.c.g.r.RouteDefinitionRouteLocator - RouteDefinition matched: ReactiveCompositeDiscoveryClient_xmobit-main-app
2025-03-25 23:08:29 [boundedElastic-13] DEBUG o.s.c.g.r.RouteDefinitionRouteLocator - RouteDefinition ReactiveCompositeDiscoveryClient_xmobit-main applying {pattern=/xmobit-main/**} to Path
2025-03-25 23:08:29 [boundedElastic-14] DEBUG o.s.c.g.r.RouteDefinitionRouteLocator - RouteDefinition ReactiveCompositeDiscoveryClient_xmobit-main applying {pattern=/xmobit-main/**} to Path
2025-03-25 23:08:29 [boundedElastic-14] DEBUG o.s.c.g.r.RouteDefinitionRouteLocator - RouteDefinition ReactiveCompositeDiscoveryClient_xmobit-main applying filter {regexp=/xmobit-main/?(?<remaining>.*), replacement=/${remaining}} to RewritePath
2025-03-25 23:08:29 [boundedElastic-30] DEBUG o.s.c.g.r.RouteDefinitionRouteLocator - RouteDefinition matched: ReactiveCompositeDiscoveryClient_xmobit-main-app
2025-03-25 23:08:29 [boundedElastic-23] DEBUG o.s.c.g.r.RouteDefinitionRouteLocator - RouteDefinition ReactiveCompositeDiscoveryClient_xmobit-main applying {pattern=/xmobit-main/**} to Path
2025-03-25 23:08:29 [boundedElastic-13] DEBUG o.s.c.g.r.RouteDefinitionRouteLocator - RouteDefinition ReactiveCompositeDiscoveryClient_xmobit-main applying filter {regexp=/xmobit-main/?(?<remaining>.*), replacement=/${remaining}} to RewritePath
2025-03-25 23:08:29 [boundedElastic-30] DEBUG o.s.c.g.r.RouteDefinitionRouteLocator - RouteDefinition ReactiveCompositeDiscoveryClient_xmobit-main applying {pattern=/xmobit-main/**} to Path
2025-03-25 23:08:29 [boundedElastic-14] DEBUG o.s.c.g.r.RouteDefinitionRouteLocator - RouteDefinition matched: ReactiveCompositeDiscoveryClient_xmobit-main
2025-03-25 23:08:29 [boundedElastic-14] DEBUG o.s.c.g.r.RouteDefinitionRouteLocator - RouteDefinition ReactiveCompositeDiscoveryClient_consul applying {pattern=/consul/**} to Path
2025-03-25 23:08:29 [boundedElastic-13] DEBUG o.s.c.g.r.RouteDefinitionRouteLocator - RouteDefinition matched: ReactiveCompositeDiscoveryClient_xmobit-main
2025-03-25 23:08:29 [boundedElastic-13] DEBUG o.s.c.g.r.RouteDefinitionRouteLocator - RouteDefinition ReactiveCompositeDiscoveryClient_consul applying {pattern=/consul/**} to Path
2025-03-25 23:08:29 [boundedElastic-14] DEBUG o.s.c.g.r.RouteDefinitionRouteLocator - RouteDefinition ReactiveCompositeDiscoveryClient_consul applying filter {regexp=/consul/?(?<remaining>.*), replacement=/${remaining}} to RewritePath
2025-03-25 23:08:29 [boundedElastic-23] DEBUG o.s.c.g.r.RouteDefinitionRouteLocator - RouteDefinition ReactiveCompositeDiscoveryClient_xmobit-main applying filter {regexp=/xmobit-main/?(?<remaining>.*), replacement=/${remaining}} to RewritePath
2025-03-25 23:08:29 [boundedElastic-30] DEBUG o.s.c.g.r.RouteDefinitionRouteLocator - RouteDefinition ReactiveCompositeDiscoveryClient_xmobit-main applying filter {regexp=/xmobit-main/?(?<remaining>.*), replacement=/${remaining}} to RewritePath
2025-03-25 23:08:29 [boundedElastic-13] DEBUG o.s.c.g.r.RouteDefinitionRouteLocator - RouteDefinition ReactiveCompositeDiscoveryClient_consul applying filter {regexp=/consul/?(?<remaining>.*), replacement=/${remaining}} to RewritePath
2025-03-25 23:08:29 [boundedElastic-14] DEBUG o.s.c.g.r.RouteDefinitionRouteLocator - RouteDefinition matched: ReactiveCompositeDiscoveryClient_consul
2025-03-25 23:08:29 [boundedElastic-30] DEBUG o.s.c.g.r.RouteDefinitionRouteLocator - RouteDefinition matched: ReactiveCompositeDiscoveryClient_xmobit-main
2025-03-25 23:08:29 [boundedElastic-8] DEBUG o.s.c.g.r.RouteDefinitionRouteLocator - RouteDefinition matched: ReactiveCompositeDiscoveryClient_xmobit-main-app
2025-03-25 23:08:29 [boundedElastic-23] DEBUG o.s.c.g.r.RouteDefinitionRouteLocator - RouteDefinition matched: ReactiveCompositeDiscoveryClient_xmobit-main
2025-03-25 23:08:29 [boundedElastic-14] DEBUG o.s.c.g.r.RouteDefinitionRouteLocator - RouteDefinition ReactiveCompositeDiscoveryClient_gatewayxmobit applying {pattern=/gatewayxmobit/**} to Path
2025-03-25 23:08:29 [boundedElastic-30] DEBUG o.s.c.g.r.RouteDefinitionRouteLocator - RouteDefinition ReactiveCompositeDiscoveryClient_consul applying {pattern=/consul/**} to Path
2025-03-25 23:08:29 [boundedElastic-23] DEBUG o.s.c.g.r.RouteDefinitionRouteLocator - RouteDefinition ReactiveCompositeDiscoveryClient_consul applying {pattern=/consul/**} to Path
2025-03-25 23:08:29 [boundedElastic-13] DEBUG o.s.c.g.r.RouteDefinitionRouteLocator - RouteDefinition matched: ReactiveCompositeDiscoveryClient_consul
2025-03-25 23:08:29 [boundedElastic-8] DEBUG o.s.c.g.r.RouteDefinitionRouteLocator - RouteDefinition ReactiveCompositeDiscoveryClient_xmobit-main applying {pattern=/xmobit-main/**} to Path
2025-03-25 23:08:29 [boundedElastic-13] DEBUG o.s.c.g.r.RouteDefinitionRouteLocator - RouteDefinition ReactiveCompositeDiscoveryClient_gatewayxmobit applying {pattern=/gatewayxmobit/**} to Path
2025-03-25 23:08:29 [boundedElastic-14] DEBUG o.s.c.g.r.RouteDefinitionRouteLocator - RouteDefinition ReactiveCompositeDiscoveryClient_gatewayxmobit applying filter {regexp=/gatewayxmobit/?(?<remaining>.*), replacement=/${remaining}} to RewritePath
2025-03-25 23:08:29 [boundedElastic-23] DEBUG o.s.c.g.r.RouteDefinitionRouteLocator - RouteDefinition ReactiveCompositeDiscoveryClient_consul applying filter {regexp=/consul/?(?<remaining>.*), replacement=/${remaining}} to RewritePath
2025-03-25 23:08:29 [boundedElastic-30] DEBUG o.s.c.g.r.RouteDefinitionRouteLocator - RouteDefinition ReactiveCompositeDiscoveryClient_consul applying filter {regexp=/consul/?(?<remaining>.*), replacement=/${remaining}} to RewritePath
2025-03-25 23:08:29 [boundedElastic-14] DEBUG o.s.c.g.r.RouteDefinitionRouteLocator - RouteDefinition matched: ReactiveCompositeDiscoveryClient_gatewayxmobit
2025-03-25 23:08:29 [boundedElastic-8] DEBUG o.s.c.g.r.RouteDefinitionRouteLocator - RouteDefinition ReactiveCompositeDiscoveryClient_xmobit-main applying filter {regexp=/xmobit-main/?(?<remaining>.*), replacement=/${remaining}} to RewritePath
2025-03-25 23:08:29 [boundedElastic-13] DEBUG o.s.c.g.r.RouteDefinitionRouteLocator - RouteDefinition ReactiveCompositeDiscoveryClient_gatewayxmobit applying filter {regexp=/gatewayxmobit/?(?<remaining>.*), replacement=/${remaining}} to RewritePath
2025-03-25 23:08:29 [boundedElastic-14] DEBUG o.s.c.g.r.RouteDefinitionRouteLocator - RouteDefinition ReactiveCompositeDiscoveryClient_file-service applying {pattern=/file-service/**} to Path
2025-03-25 23:08:29 [boundedElastic-30] DEBUG o.s.c.g.r.RouteDefinitionRouteLocator - RouteDefinition matched: ReactiveCompositeDiscoveryClient_consul
2025-03-25 23:08:29 [boundedElastic-23] DEBUG o.s.c.g.r.RouteDefinitionRouteLocator - RouteDefinition matched: ReactiveCompositeDiscoveryClient_consul
2025-03-25 23:08:29 [boundedElastic-13] DEBUG o.s.c.g.r.RouteDefinitionRouteLocator - RouteDefinition matched: ReactiveCompositeDiscoveryClient_gatewayxmobit
2025-03-25 23:08:29 [boundedElastic-30] DEBUG o.s.c.g.r.RouteDefinitionRouteLocator - RouteDefinition ReactiveCompositeDiscoveryClient_gatewayxmobit applying {pattern=/gatewayxmobit/**} to Path
2025-03-25 23:08:29 [boundedElastic-8] DEBUG o.s.c.g.r.RouteDefinitionRouteLocator - RouteDefinition matched: ReactiveCompositeDiscoveryClient_xmobit-main
2025-03-25 23:08:29 [boundedElastic-13] DEBUG o.s.c.g.r.RouteDefinitionRouteLocator - RouteDefinition ReactiveCompositeDiscoveryClient_file-service applying {pattern=/file-service/**} to Path
2025-03-25 23:08:29 [boundedElastic-8] DEBUG o.s.c.g.r.RouteDefinitionRouteLocator - RouteDefinition ReactiveCompositeDiscoveryClient_consul applying {pattern=/consul/**} to Path
2025-03-25 23:08:29 [boundedElastic-14] DEBUG o.s.c.g.r.RouteDefinitionRouteLocator - RouteDefinition ReactiveCompositeDiscoveryClient_file-service applying filter {regexp=/file-service/?(?<remaining>.*), replacement=/${remaining}} to RewritePath
2025-03-25 23:08:29 [boundedElastic-23] DEBUG o.s.c.g.r.RouteDefinitionRouteLocator - RouteDefinition ReactiveCompositeDiscoveryClient_gatewayxmobit applying {pattern=/gatewayxmobit/**} to Path
2025-03-25 23:08:29 [boundedElastic-30] DEBUG o.s.c.g.r.RouteDefinitionRouteLocator - RouteDefinition ReactiveCompositeDiscoveryClient_gatewayxmobit applying filter {regexp=/gatewayxmobit/?(?<remaining>.*), replacement=/${remaining}} to RewritePath
2025-03-25 23:08:29 [boundedElastic-13] DEBUG o.s.c.g.r.RouteDefinitionRouteLocator - RouteDefinition ReactiveCompositeDiscoveryClient_file-service applying filter {regexp=/file-service/?(?<remaining>.*), replacement=/${remaining}} to RewritePath
2025-03-25 23:08:29 [boundedElastic-14] DEBUG o.s.c.g.r.RouteDefinitionRouteLocator - RouteDefinition matched: ReactiveCompositeDiscoveryClient_file-service
2025-03-25 23:08:29 [boundedElastic-14] DEBUG o.s.c.g.r.RouteDefinitionRouteLocator - RouteDefinition node-api applying {_genkey_0=/api/node/**} to Path
2025-03-25 23:08:29 [boundedElastic-8] DEBUG o.s.c.g.r.RouteDefinitionRouteLocator - RouteDefinition ReactiveCompositeDiscoveryClient_consul applying filter {regexp=/consul/?(?<remaining>.*), replacement=/${remaining}} to RewritePath
2025-03-25 23:08:29 [boundedElastic-23] DEBUG o.s.c.g.r.RouteDefinitionRouteLocator - RouteDefinition ReactiveCompositeDiscoveryClient_gatewayxmobit applying filter {regexp=/gatewayxmobit/?(?<remaining>.*), replacement=/${remaining}} to RewritePath
2025-03-25 23:08:29 [boundedElastic-30] DEBUG o.s.c.g.r.RouteDefinitionRouteLocator - RouteDefinition matched: ReactiveCompositeDiscoveryClient_gatewayxmobit
2025-03-25 23:08:29 [boundedElastic-13] DEBUG o.s.c.g.r.RouteDefinitionRouteLocator - RouteDefinition matched: ReactiveCompositeDiscoveryClient_file-service
2025-03-25 23:08:29 [boundedElastic-13] DEBUG o.s.c.g.r.RouteDefinitionRouteLocator - RouteDefinition node-api applying {_genkey_0=/api/node/**} to Path
2025-03-25 23:08:29 [boundedElastic-8] DEBUG o.s.c.g.r.RouteDefinitionRouteLocator - RouteDefinition matched: ReactiveCompositeDiscoveryClient_consul
2025-03-25 23:08:29 [boundedElastic-30] DEBUG o.s.c.g.r.RouteDefinitionRouteLocator - RouteDefinition ReactiveCompositeDiscoveryClient_file-service applying {pattern=/file-service/**} to Path
2025-03-25 23:08:29 [boundedElastic-8] DEBUG o.s.c.g.r.RouteDefinitionRouteLocator - RouteDefinition ReactiveCompositeDiscoveryClient_gatewayxmobit applying {pattern=/gatewayxmobit/**} to Path
2025-03-25 23:08:29 [boundedElastic-23] DEBUG o.s.c.g.r.RouteDefinitionRouteLocator - RouteDefinition matched: ReactiveCompositeDiscoveryClient_gatewayxmobit
2025-03-25 23:08:29 [boundedElastic-14] DEBUG o.s.c.g.r.RouteDefinitionRouteLocator - RouteDefinition node-api applying filter {_genkey_0=/api/node/(?<remaining>.*), _genkey_1=/${remaining}} to RewritePath
2025-03-25 23:08:29 [boundedElastic-23] DEBUG o.s.c.g.r.RouteDefinitionRouteLocator - RouteDefinition ReactiveCompositeDiscoveryClient_file-service applying {pattern=/file-service/**} to Path
2025-03-25 23:08:29 [boundedElastic-8] DEBUG o.s.c.g.r.RouteDefinitionRouteLocator - RouteDefinition ReactiveCompositeDiscoveryClient_gatewayxmobit applying filter {regexp=/gatewayxmobit/?(?<remaining>.*), replacement=/${remaining}} to RewritePath
2025-03-25 23:08:29 [boundedElastic-13] DEBUG o.s.c.g.r.RouteDefinitionRouteLocator - RouteDefinition node-api applying filter {_genkey_0=/api/node/(?<remaining>.*), _genkey_1=/${remaining}} to RewritePath
2025-03-25 23:08:29 [boundedElastic-30] DEBUG o.s.c.g.r.RouteDefinitionRouteLocator - RouteDefinition ReactiveCompositeDiscoveryClient_file-service applying filter {regexp=/file-service/?(?<remaining>.*), replacement=/${remaining}} to RewritePath
2025-03-25 23:08:29 [boundedElastic-14] DEBUG o.s.c.g.r.RouteDefinitionRouteLocator - RouteDefinition matched: node-api
2025-03-25 23:08:29 [boundedElastic-14] DEBUG o.s.c.g.r.RouteDefinitionRouteLocator - RouteDefinition file-service applying {_genkey_0=/api/v1/file/**} to Path
2025-03-25 23:08:29 [boundedElastic-30] DEBUG o.s.c.g.r.RouteDefinitionRouteLocator - RouteDefinition matched: ReactiveCompositeDiscoveryClient_file-service
2025-03-25 23:08:29 [boundedElastic-13] DEBUG o.s.c.g.r.RouteDefinitionRouteLocator - RouteDefinition matched: node-api
2025-03-25 23:08:29 [boundedElastic-23] DEBUG o.s.c.g.r.RouteDefinitionRouteLocator - RouteDefinition ReactiveCompositeDiscoveryClient_file-service applying filter {regexp=/file-service/?(?<remaining>.*), replacement=/${remaining}} to RewritePath
2025-03-25 23:08:29 [boundedElastic-8] DEBUG o.s.c.g.r.RouteDefinitionRouteLocator - RouteDefinition matched: ReactiveCompositeDiscoveryClient_gatewayxmobit
2025-03-25 23:08:29 [boundedElastic-30] DEBUG o.s.c.g.r.RouteDefinitionRouteLocator - RouteDefinition node-api applying {_genkey_0=/api/node/**} to Path
2025-03-25 23:08:29 [boundedElastic-13] DEBUG o.s.c.g.r.RouteDefinitionRouteLocator - RouteDefinition file-service applying {_genkey_0=/api/v1/file/**} to Path
2025-03-25 23:08:29 [boundedElastic-8] DEBUG o.s.c.g.r.RouteDefinitionRouteLocator - RouteDefinition ReactiveCompositeDiscoveryClient_file-service applying {pattern=/file-service/**} to Path
2025-03-25 23:08:29 [boundedElastic-23] DEBUG o.s.c.g.r.RouteDefinitionRouteLocator - RouteDefinition matched: ReactiveCompositeDiscoveryClient_file-service
2025-03-25 23:08:29 [boundedElastic-14] DEBUG o.s.c.g.r.RouteDefinitionRouteLocator - RouteDefinition file-service applying filter {_genkey_0=/api/file/(?<remaining>.*), _genkey_1=/${remaining}} to RewritePath
2025-03-25 23:08:29 [boundedElastic-23] DEBUG o.s.c.g.r.RouteDefinitionRouteLocator - RouteDefinition node-api applying {_genkey_0=/api/node/**} to Path
2025-03-25 23:08:29 [boundedElastic-30] DEBUG o.s.c.g.r.RouteDefinitionRouteLocator - RouteDefinition node-api applying filter {_genkey_0=/api/node/(?<remaining>.*), _genkey_1=/${remaining}} to RewritePath
2025-03-25 23:08:29 [boundedElastic-13] DEBUG o.s.c.g.r.RouteDefinitionRouteLocator - RouteDefinition file-service applying filter {_genkey_0=/api/file/(?<remaining>.*), _genkey_1=/${remaining}} to RewritePath
2025-03-25 23:08:29 [boundedElastic-14] DEBUG o.s.c.g.r.RouteDefinitionRouteLocator - RouteDefinition matched: file-service
2025-03-25 23:08:29 [boundedElastic-14] DEBUG o.s.c.g.r.RouteDefinitionRouteLocator - RouteDefinition xmobit-main applying {_genkey_0=/api/v1/**} to Path
2025-03-25 23:08:29 [boundedElastic-30] DEBUG o.s.c.g.r.RouteDefinitionRouteLocator - RouteDefinition matched: node-api
2025-03-25 23:08:29 [boundedElastic-8] DEBUG o.s.c.g.r.RouteDefinitionRouteLocator - RouteDefinition ReactiveCompositeDiscoveryClient_file-service applying filter {regexp=/file-service/?(?<remaining>.*), replacement=/${remaining}} to RewritePath
2025-03-25 23:08:29 [boundedElastic-30] DEBUG o.s.c.g.r.RouteDefinitionRouteLocator - RouteDefinition file-service applying {_genkey_0=/api/v1/file/**} to Path
2025-03-25 23:08:29 [boundedElastic-13] DEBUG o.s.c.g.r.RouteDefinitionRouteLocator - RouteDefinition matched: file-service
2025-03-25 23:08:29 [boundedElastic-23] DEBUG o.s.c.g.r.RouteDefinitionRouteLocator - RouteDefinition node-api applying filter {_genkey_0=/api/node/(?<remaining>.*), _genkey_1=/${remaining}} to RewritePath
2025-03-25 23:08:29 [boundedElastic-13] DEBUG o.s.c.g.r.RouteDefinitionRouteLocator - RouteDefinition xmobit-main applying {_genkey_0=/api/v1/**} to Path
2025-03-25 23:08:29 [boundedElastic-14] DEBUG o.s.c.g.r.RouteDefinitionRouteLocator - RouteDefinition xmobit-main applying filter {_genkey_0=/api/main/(?<remaining>.*), _genkey_1=/${remaining}} to RewritePath
2025-03-25 23:08:29 [boundedElastic-23] DEBUG o.s.c.g.r.RouteDefinitionRouteLocator - RouteDefinition matched: node-api
2025-03-25 23:08:29 [boundedElastic-30] DEBUG o.s.c.g.r.RouteDefinitionRouteLocator - RouteDefinition file-service applying filter {_genkey_0=/api/file/(?<remaining>.*), _genkey_1=/${remaining}} to RewritePath
2025-03-25 23:08:29 [boundedElastic-8] DEBUG o.s.c.g.r.RouteDefinitionRouteLocator - RouteDefinition matched: ReactiveCompositeDiscoveryClient_file-service
2025-03-25 23:08:29 [boundedElastic-14] DEBUG o.s.c.g.r.RouteDefinitionRouteLocator - RouteDefinition matched: xmobit-main
2025-03-25 23:08:29 [boundedElastic-23] DEBUG o.s.c.g.r.RouteDefinitionRouteLocator - RouteDefinition file-service applying {_genkey_0=/api/v1/file/**} to Path
2025-03-25 23:08:29 [boundedElastic-13] DEBUG o.s.c.g.r.RouteDefinitionRouteLocator - RouteDefinition xmobit-main applying filter {_genkey_0=/api/main/(?<remaining>.*), _genkey_1=/${remaining}} to RewritePath
2025-03-25 23:08:29 [boundedElastic-30] DEBUG o.s.c.g.r.RouteDefinitionRouteLocator - RouteDefinition matched: file-service
2025-03-25 23:08:29 [boundedElastic-30] DEBUG o.s.c.g.r.RouteDefinitionRouteLocator - RouteDefinition xmobit-main applying {_genkey_0=/api/v1/**} to Path
2025-03-25 23:08:29 [boundedElastic-8] DEBUG o.s.c.g.r.RouteDefinitionRouteLocator - RouteDefinition node-api applying {_genkey_0=/api/node/**} to Path
2025-03-25 23:08:29 [boundedElastic-13] DEBUG o.s.c.g.r.RouteDefinitionRouteLocator - RouteDefinition matched: xmobit-main
2025-03-25 23:08:29 [boundedElastic-30] DEBUG o.s.c.g.r.RouteDefinitionRouteLocator - RouteDefinition xmobit-main applying filter {_genkey_0=/api/main/(?<remaining>.*), _genkey_1=/${remaining}} to RewritePath
2025-03-25 23:08:29 [boundedElastic-23] DEBUG o.s.c.g.r.RouteDefinitionRouteLocator - RouteDefinition file-service applying filter {_genkey_0=/api/file/(?<remaining>.*), _genkey_1=/${remaining}} to RewritePath
2025-03-25 23:08:29 [boundedElastic-30] DEBUG o.s.c.g.r.RouteDefinitionRouteLocator - RouteDefinition matched: xmobit-main
2025-03-25 23:08:29 [boundedElastic-8] DEBUG o.s.c.g.r.RouteDefinitionRouteLocator - RouteDefinition node-api applying filter {_genkey_0=/api/node/(?<remaining>.*), _genkey_1=/${remaining}} to RewritePath
2025-03-25 23:08:29 [boundedElastic-23] DEBUG o.s.c.g.r.RouteDefinitionRouteLocator - RouteDefinition matched: file-service
2025-03-25 23:08:29 [boundedElastic-23] DEBUG o.s.c.g.r.RouteDefinitionRouteLocator - RouteDefinition xmobit-main applying {_genkey_0=/api/v1/**} to Path
2025-03-25 23:08:29 [boundedElastic-8] DEBUG o.s.c.g.r.RouteDefinitionRouteLocator - RouteDefinition matched: node-api
2025-03-25 23:08:29 [boundedElastic-8] DEBUG o.s.c.g.r.RouteDefinitionRouteLocator - RouteDefinition file-service applying {_genkey_0=/api/v1/file/**} to Path
2025-03-25 23:08:29 [boundedElastic-8] DEBUG o.s.c.g.r.RouteDefinitionRouteLocator - RouteDefinition file-service applying filter {_genkey_0=/api/file/(?<remaining>.*), _genkey_1=/${remaining}} to RewritePath
2025-03-25 23:08:29 [boundedElastic-23] DEBUG o.s.c.g.r.RouteDefinitionRouteLocator - RouteDefinition xmobit-main applying filter {_genkey_0=/api/main/(?<remaining>.*), _genkey_1=/${remaining}} to RewritePath
2025-03-25 23:08:29 [boundedElastic-8] DEBUG o.s.c.g.r.RouteDefinitionRouteLocator - RouteDefinition matched: file-service
2025-03-25 23:08:29 [boundedElastic-8] DEBUG o.s.c.g.r.RouteDefinitionRouteLocator - RouteDefinition xmobit-main applying {_genkey_0=/api/v1/**} to Path
2025-03-25 23:08:29 [boundedElastic-23] DEBUG o.s.c.g.r.RouteDefinitionRouteLocator - RouteDefinition matched: xmobit-main
2025-03-25 23:08:29 [boundedElastic-8] DEBUG o.s.c.g.r.RouteDefinitionRouteLocator - RouteDefinition xmobit-main applying filter {_genkey_0=/api/main/(?<remaining>.*), _genkey_1=/${remaining}} to RewritePath
2025-03-25 23:08:29 [boundedElastic-8] DEBUG o.s.c.g.r.RouteDefinitionRouteLocator - RouteDefinition matched: xmobit-main
2025-03-25 23:08:29 [boundedElastic-4] DEBUG o.s.c.g.filter.GatewayMetricsFilter - New routes count: 8
]]></system-out>
    <system-err><![CDATA[Mockito is currently self-attaching to enable the inline-mock-maker. This will no longer work in future releases of the JDK. Please add Mockito as an agent to your build what is described in Mockito's documentation: https://javadoc.io/doc/org.mockito/mockito-core/latest/org/mockito/Mockito.html#0.3
WARNING: A Java agent has been loaded dynamically (/home/cysecinnovation/.m2/repository/net/bytebuddy/byte-buddy-agent/1.15.11/byte-buddy-agent-1.15.11.jar)
WARNING: If a serviceability tool is in use, please run with -XX:+EnableDynamicAgentLoading to hide this warning
WARNING: If a serviceability tool is not in use, please run with -Djdk.instrument.traceUsage for more information
WARNING: Dynamic loading of agents will be disallowed by default in a future release
]]></system-err>
  </testcase>
</testsuite>